
> app_leilao_relampago_cliente@1.0.0 start /home/ehuman/Desktop/UFSC/PROG_WEB/14-app_leilao_relampago/cliente
> webpack --config webpack.dev.js --watch


webpack is watching the files…

@babel/preset-env: `DEBUG` option

Using targets:
{
  "android": "85",
  "chrome": "85",
  "edge": "85",
  "firefox": "81",
  "ie": "11",
  "ios": "13.4",
  "opera": "71",
  "safari": "13.1",
  "samsung": "11.1"
}

Using modules transform: auto

Using plugins:
  proposal-numeric-separator { "ie":"11" }
  proposal-logical-assignment-operators { "edge":"85", "ie":"11", "ios":"13.4", "opera":"71", "safari":"13.1", "samsung":"11.1" }
  proposal-nullish-coalescing-operator { "ie":"11", "samsung":"11.1" }
  proposal-optional-chaining { "ie":"11", "samsung":"11.1" }
  proposal-json-strings { "ie":"11" }
  proposal-optional-catch-binding { "ie":"11" }
  transform-parameters { "ie":"11" }
  proposal-async-generator-functions { "ie":"11" }
  proposal-object-rest-spread { "ie":"11" }
  transform-dotall-regex { "ie":"11" }
  proposal-unicode-property-regex { "ie":"11" }
  transform-named-capturing-groups-regex { "ie":"11" }
  transform-async-to-generator { "ie":"11" }
  transform-exponentiation-operator { "ie":"11" }
  transform-template-literals { "ie":"11" }
  transform-literals { "ie":"11" }
  transform-function-name { "ie":"11" }
  transform-arrow-functions { "ie":"11" }
  transform-classes { "ie":"11" }
  transform-object-super { "ie":"11" }
  transform-shorthand-properties { "ie":"11" }
  transform-duplicate-keys { "ie":"11" }
  transform-computed-properties { "ie":"11" }
  transform-for-of { "ie":"11" }
  transform-sticky-regex { "ie":"11" }
  transform-unicode-escapes { "ie":"11" }
  transform-unicode-regex { "ie":"11" }
  transform-spread { "ie":"11" }
  transform-destructuring { "ie":"11" }
  transform-block-scoping { "ie":"11" }
  transform-typeof-symbol { "ie":"11" }
  transform-new-target { "ie":"11" }
  transform-regenerator { "ie":"11" }
  proposal-export-namespace-from { "ie":"11", "ios":"13.4", "safari":"13.1" }
  syntax-dynamic-import { "android":"85", "chrome":"85", "edge":"85", "firefox":"81", "ie":"11", "ios":"13.4", "opera":"71", "safari":"13.1", "samsung":"11.1" }
  syntax-top-level-await { "android":"85", "chrome":"85", "edge":"85", "firefox":"81", "ie":"11", "ios":"13.4", "opera":"71", "safari":"13.1", "samsung":"11.1" }

Using polyfills with `usage` option:

[/home/ehuman/Desktop/UFSC/PROG_WEB/14-app_leilao_relampago/cliente/src/index.js] Based on your code and targets, core-js polyfills were not added.

[/home/ehuman/Desktop/UFSC/PROG_WEB/14-app_leilao_relampago/cliente/src/view/App.jsx] Based on your code and targets, core-js polyfills were not added.

[/home/ehuman/Desktop/UFSC/PROG_WEB/14-app_leilao_relampago/cliente/src/view/Login.jsx] Based on your code and targets, core-js polyfills were not added.

[/home/ehuman/Desktop/UFSC/PROG_WEB/14-app_leilao_relampago/cliente/src/view/Usuarios.jsx] Added following core-js polyfill:
  es.array.map { "ie":"11" }

[/home/ehuman/Desktop/UFSC/PROG_WEB/14-app_leilao_relampago/cliente/src/view/MeuLeilao.jsx] Added following core-js polyfills:
  es.symbol { "ie":"11" }
  es.array.filter { "ie":"11" }
  es.array.for-each { "ie":"11" }
  es.object.get-own-property-descriptor { "ie":"11" }
  es.object.get-own-property-descriptors { "ie":"11" }
  es.object.keys { "ie":"11" }
  es.string.trim { "ie":"11" }
  web.dom-collections.for-each { "ie":"11" }

[/home/ehuman/Desktop/UFSC/PROG_WEB/14-app_leilao_relampago/cliente/src/view/Leiloes.jsx] Added following core-js polyfill:
  es.array.map { "ie":"11" }

[/home/ehuman/Desktop/UFSC/PROG_WEB/14-app_leilao_relampago/cliente/src/model/useRedux.js] Added following core-js polyfills:
  es.symbol { "ie":"11" }
  es.array.concat { "ie":"11" }
  es.array.filter { "ie":"11" }
  es.array.for-each { "ie":"11" }
  es.object.get-own-property-descriptor { "ie":"11" }
  es.object.get-own-property-descriptors { "ie":"11" }
  es.object.keys { "ie":"11" }
  web.dom-collections.for-each { "ie":"11" }

[/home/ehuman/Desktop/UFSC/PROG_WEB/14-app_leilao_relampago/cliente/src/view/OutroLeilao.jsx] Added following core-js polyfill:
  es.string.trim { "ie":"11" }

[/home/ehuman/Desktop/UFSC/PROG_WEB/14-app_leilao_relampago/cliente/src/view/util/MostraLeilao.jsx] Added following core-js polyfill:
  es.array.map { "ie":"11" }

[/home/ehuman/Desktop/UFSC/PROG_WEB/14-app_leilao_relampago/cliente/src/view/util/Campo.jsx] Based on your code and targets, core-js polyfills were not added.

[/home/ehuman/Desktop/UFSC/PROG_WEB/14-app_leilao_relampago/cliente/src/model/useWS.js] Added following core-js polyfill:
  es.array.concat { "ie":"11" }
Hash: dbc8f0951920907d0a91
Version: webpack 4.44.2
Time: 3570ms
Built at: 11/11/2020 16:08:46
                                 Asset       Size   Chunks                         Chunk Names
                            index.html  496 bytes           [emitted]              
   main.cd9c48be7ea4d07124cb.bundle.js    145 KiB     main  [emitted] [immutable]  main
runtime.acfdeda3904d25c72cbb.bundle.js   14.4 KiB  runtime  [emitted] [immutable]  runtime
vendors.2398d72cea7f46d35b06.bundle.js   3.06 MiB  vendors  [emitted] [immutable]  vendors
Entrypoint main = runtime.acfdeda3904d25c72cbb.bundle.js vendors.2398d72cea7f46d35b06.bundle.js main.cd9c48be7ea4d07124cb.bundle.js
[/0LD] ./src/view/App.jsx 3.79 KiB {main} [built]
[7/Is] ./src/view/OutroLeilao.jsx 2.59 KiB {main} [built]
[AGos] ./src/view/util/MostraLeilao.jsx 1.75 KiB {main} [built]
[EpSp] ./src/view/util/Campo.jsx 651 bytes {main} [built]
[K+eP] ./src/model/useRedux.js 19.3 KiB {main} [built]
[LuHQ] ./src/view/Leiloes.jsx 1.42 KiB {main} [built]
[R/fm] ./src/model/useWS.js 1.95 KiB {main} [built]
[guT4] ./src/view/Login.jsx 1.86 KiB {main} [built]
[iLnT] ./src/view/MeuLeilao.jsx 5.76 KiB {main} [built]
[kOOu] ./src/view/Usuarios.jsx 669 bytes {main} [built]
[tjUo] ./src/index.js 238 bytes {main} [built]
[yLpj] (webpack)/buildin/global.js 472 bytes {vendors} [built]
    + 107 hidden modules
Child html-webpack-plugin for "index.html":
     1 asset
    Entrypoint undefined = index.html
    [YuTi] (webpack)/buildin/module.js 497 bytes {0} [built]
    [yLpj] (webpack)/buildin/global.js 472 bytes {0} [built]
        + 2 hidden modules
